<?xml version="1.0" encoding="UTF-8"?>
<!-- Generated by org.testng.reporters.JUnitReportReporter -->
<testsuite hostname="Nikhil-PC" failures="0" tests="1" name="com.demoshopqa.tests.LoginPageTest" time="13.102" errors="0" timestamp="2022-12-31T13:10:42 IST" skipped="0">
  <testcase classname="com.demoshopqa.tests.LoginPageTest" name="verifyLogin" time="13.102"/>
  <system-out/>
</testsuite> <!-- com.demoshopqa.tests.LoginPageTest -->
