<?xml version="1.0" encoding="UTF-8"?>
<!-- Generated by org.testng.reporters.JUnitReportReporter -->
<testsuite hostname="Nikhil-PC" failures="0" tests="1" name="com.demoshopqa.tests.AddToCartTest" time="23.640" errors="0" timestamp="2023-03-04T19:31:53 IST" skipped="0">
  <testcase classname="com.demoshopqa.tests.AddToCartTest" name="VerifyAddtocart" time="23.640"/>
  <system-out/>
</testsuite> <!-- com.demoshopqa.tests.AddToCartTest -->
