<?xml version="1.0" encoding="UTF-8"?>
<!-- Generated by org.testng.reporters.JUnitReportReporter -->
<testsuite hostname="Nikhil-PC" failures="0" tests="2" name="com.demoshopqa.tests.IndexPageTest" time="8.417" errors="0" timestamp="2023-03-05T23:11:40 IST" skipped="0">
  <testcase classname="com.demoshopqa.tests.IndexPageTest" name="verifytitle" time="4.293"/>
  <system-out/>
  <testcase classname="com.demoshopqa.tests.IndexPageTest" name="verifylogo" time="4.124"/>
  <system-out/>
</testsuite> <!-- com.demoshopqa.tests.IndexPageTest -->
