<?xml version="1.0" encoding="UTF-8"?>
<!-- Generated by org.testng.reporters.JUnitReportReporter -->
<testsuite hostname="Nikhil-PC" failures="0" tests="2" name="com.demoshopqa.tests.CartPageTest" time="30.949" errors="0" timestamp="2023-01-01T12:38:03 IST" skipped="0">
  <testcase classname="com.demoshopqa.tests.CartPageTest" name="verifytheSuccessfulcheckout" time="16.727"/>
  <system-out/>
  <testcase classname="com.demoshopqa.tests.CartPageTest" name="verifythePrice" time="14.222"/>
  <system-out/>
</testsuite> <!-- com.demoshopqa.tests.CartPageTest -->
