<?xml version="1.0" encoding="UTF-8"?>
<!-- Generated by org.testng.reporters.JUnitReportReporter -->
<testsuite hostname="Nikhil-PC" failures="0" tests="1" name="com.demoshopqa.tests.CheckoutPageTest" time="23.654" errors="0" timestamp="2023-03-05T23:11:40 IST" skipped="0">
  <testcase classname="com.demoshopqa.tests.CheckoutPageTest" name="VerifyTheCheckout" time="23.654"/>
  <system-out/>
</testsuite> <!-- com.demoshopqa.tests.CheckoutPageTest -->
