<?xml version="1.0" encoding="UTF-8"?>
<!-- Generated by org.testng.reporters.JUnitReportReporter -->
<testsuite hostname="Nikhil-PC" failures="0" tests="1" name="com.demoshopqa.tests.OnboardingTest" time="9.551" errors="0" timestamp="2022-12-31T13:10:10 IST" skipped="0">
  <testcase classname="com.demoshopqa.tests.OnboardingTest" name="verifyNewOnboarding" time="9.551"/>
  <system-out/>
</testsuite> <!-- com.demoshopqa.tests.OnboardingTest -->
