<?xml version="1.0" encoding="UTF-8"?>
<!-- Generated by org.testng.reporters.JUnitReportReporter -->
<testsuite hostname="Nikhil-PC" failures="0" tests="1" name="com.demoshopqa.tests.SearchResultTest" time="5.486" errors="0" timestamp="2022-12-31T16:44:38 IST" skipped="0">
  <testcase classname="com.demoshopqa.tests.SearchResultTest" name="VerifytheAvailablityofProd" time="5.486"/>
  <system-out/>
</testsuite> <!-- com.demoshopqa.tests.SearchResultTest -->
