<?xml version="1.0" encoding="UTF-8"?>
<!-- Generated by org.testng.reporters.JUnitReportReporter -->
<testsuite hostname="Nikhil-PC" failures="0" tests="2" name="com.demoshopqa.tests.IndexPageTest" time="16.167" errors="0" timestamp="2023-03-04T19:31:19 IST" skipped="0">
  <testcase classname="com.demoshopqa.tests.IndexPageTest" name="verifylogo" time="6.107"/>
  <system-out/>
  <testcase classname="com.demoshopqa.tests.IndexPageTest" name="verifytitle" time="10.060"/>
  <system-out/>
</testsuite> <!-- com.demoshopqa.tests.IndexPageTest -->
