<?xml version="1.0" encoding="UTF-8"?>
<!-- Generated by org.testng.reporters.JUnitReportReporter -->
<testsuite hostname="Nikhil-PC" failures="0" tests="2" name="com.demoshopqa.tests.HomePageTest" time="26.346" errors="0" timestamp="2022-12-31T12:53:15 IST" skipped="0">
  <testcase classname="com.demoshopqa.tests.HomePageTest" name="verifytheorder" time="16.574"/>
  <system-out/>
  <testcase classname="com.demoshopqa.tests.HomePageTest" name="verifythaddress" time="9.772"/>
  <system-out/>
</testsuite> <!-- com.demoshopqa.tests.HomePageTest -->
