<?xml version="1.0" encoding="UTF-8"?>
<!-- Generated by org.testng.reporters.JUnitReportReporter -->
<testsuite hostname="Nikhil-PC" failures="0" tests="2" name="IndexPageTest" time="10.039" errors="0" timestamp="2022-12-30T18:10:39 IST" skipped="0">
  <testcase classname="IndexPageTest" name="verifytitle" time="5.570"/>
  <system-out/>
  <testcase classname="IndexPageTest" name="verifylogo" time="4.469"/>
  <system-out/>
</testsuite> <!-- IndexPageTest -->
